======================================================================
🍽️  OpenFoodFacts to Supabase - Food Importer
======================================================================

📊 CSV File: en.openfoodfacts.org.products.csv (11651.8 MB)

🔗 Connecting to Supabase...
   ✅ Connected (existing foods: 195278)

📥 Processing CSV (batch size: 5000)...
   Batch 1 | Rows: 5,934 (45772 r/s)................. ✅ (5,000)
   Batch 2 | Rows: 11,933 (10381 r/s)................ ✅ (10,000)
   Batch 3 | Rows: 17,508 (9913 r/s)................. ✅ (15,000)
   Batch 4 | Rows: 23,233 (10211 r/s)................ ✅ (20,000)
   Batch 5 | Rows: 28,457 (10145 r/s)................ ✅ (25,000)
   Batch 6 | Rows: 33,876 (10233 r/s)................ ✅ (30,000)
   Batch 7 | Rows: 38,935 (10202 r/s)................ ✅ (35,000)
   Batch 8 | Rows: 43,996 (10186 r/s)................ ✅ (40,000)
   Batch 9 | Rows: 49,080 (10161 r/s)................ ✅ (45,000)
   Batch 10 | Rows: 54,152 (9282 r/s)................ ✅ (50,000)
   Batch 11 | Rows: 59,461 (9334 r/s)................ ✅ (55,000)
   Batch 12 | Rows: 64,625 (9400 r/s)................ ✅ (60,000)
   Batch 13 | Rows: 69,758 (9477 r/s)................ ✅ (65,000)
   Batch 14 | Rows: 74,934 (9532 r/s)................ ✅ (70,000)
   Batch 16 | Rows: 80,110 (9520 r/s)................ ✅ (75,000)
   Batch 17 | Rows: 85,245 (9573 r/s)................ ✅ (80,000)
   Batch 18 | Rows: 90,425 (7733 r/s)................ ✅ (85,000)
   Batch 19 | Rows: 95,462 (7703 r/s)................ ✅ (90,000)
   Batch 20 | Rows: 100,561 (7758 r/s)............... ✅ (95,000)
   Batch 21 | Rows: 105,771 (7832 r/s)............... ✅ (100,000)
   Batch 22 | Rows: 110,911 (7894 r/s)............... ✅ (105,000)
   Batch 23 | Rows: 116,135 (7976 r/s)............... ✅ (110,000)
   Batch 24 | Rows: 121,316 (8036 r/s)............... ✅ (115,000)
   Batch 25 | Rows: 126,476 (7756 r/s)............... ✅ (120,000)
   Batch 26 | Rows: 131,610 (7782 r/s)............... ✅ (125,000)
   Batch 27 | Rows: 136,699 (6530 r/s)............... ✅ (130,000)
   Batch 28 | Rows: 141,911 (6596 r/s)............... ✅ (135,000)
   Batch 29 | Rows: 147,113 (6605 r/s)............... ✅ (140,000)
   Batch 30 | Rows: 152,346 (6683 r/s)............... ✅ (145,000)
   Batch 31 | Rows: 157,493 (6746 r/s)............... ✅ (150,000)
   Batch 32 | Rows: 162,633 (6809 r/s)............... ✅ (155,000)
   Batch 33 | Rows: 167,652 (6857 r/s)............... ✅ (160,000)
   Batch 34 | Rows: 172,788 (6912 r/s)............... ✅ (165,000)
   Batch 35 | Rows: 177,909 (6869 r/s)............... ✅ (170,000)
   Batch 36 | Rows: 183,029 (6920 r/s)............... ✅ (175,000)
   Batch 37 | Rows: 188,335 (6972 r/s)............... ✅ (180,000)
   Batch 38 | Rows: 193,393 (6764 r/s)............... ✅ (185,000)
   Batch 39 | Rows: 198,464 (5366 r/s)............... ❌ Error
     {'message': 'numeric field overflow', 'code': '22003', 'hint': None, 'details': 'A field with precis
   Batch 40 | Rows: 203,524 (5259 r/s)............... ✅ (190,000)
   Batch 41 | Rows: 208,554 (5254 r/s)............... ✅ (195,000)
   Batch 42 | Rows: 213,576 (5298 r/s)............... ✅ (200,000)
   Batch 43 | Rows: 218,637 (5355 r/s)............... ✅ (205,000)
   Batch 44 | Rows: 223,682 (4947 r/s)............... ✅ (210,000)
   Batch 45 | Rows: 228,732 (4991 r/s)............... ✅ (215,000)
   Batch 46 | Rows: 233,805 (5036 r/s)............... ✅ (220,000)
   Batch 47 | Rows: 238,923 (5082 r/s)............... ✅ (225,000)
   Batch 48 | Rows: 244,039 (5131 r/s)............... ✅ (230,000)
   Batch 49 | Rows: 249,215 (4878 r/s)............... ✅ (235,000)
   Batch 50 | Rows: 254,652 (4464 r/s)............... ✅ (240,000)
   Batch 51 | Rows: 259,885 (4372 r/s)............... ✅ (245,000)
   Batch 53 | Rows: 265,105 (4379 r/s)............... ✅ (250,000)
   Batch 54 | Rows: 270,259 (4116 r/s)............... ✅ (255,000)
   Batch 55 | Rows: 275,460 (3866 r/s)............... ✅ (260,000)
   Batch 56 | Rows: 280,613 (3909 r/s)............... ✅ (265,000)
   Batch 57 | Rows: 285,689 (3951 r/s)............... ✅ (270,000)
   Batch 58 | Rows: 290,927 (3748 r/s)............... ✅ (275,000)
   Batch 59 | Rows: 296,158 (3766 r/s)............... ✅ (280,000)
   Batch 60 | Rows: 301,369 (3604 r/s)............... ✅ (285,000)
   Batch 61 | Rows: 306,561 (3607 r/s)............... ✅ (290,000)
   Batch 62 | Rows: 311,682 (3636 r/s)............... ✅ (295,000)
   Batch 63 | Rows: 316,813 (3647 r/s)............... ✅ (300,000)
   Batch 64 | Rows: 321,936 (3682 r/s)............... ✅ (305,000)
   Batch 65 | Rows: 327,098 (3601 r/s)............... ✅ (310,000)
   Batch 66 | Rows: 332,246 (3471 r/s)............... ✅ (315,000)
   Batch 67 | Rows: 337,433 (3343 r/s)............... ✅ (320,000)
   Batch 68 | Rows: 342,594 (3250 r/s)............... ✅ (325,000)
   Batch 69 | Rows: 347,737 (3281 r/s)............... ✅ (330,000)
   Batch 70 | Rows: 352,817 (3306 r/s)............... ✅ (335,000)
   Batch 71 | Rows: 357,905 (3322 r/s)............... ✅ (340,000)
   Batch 72 | Rows: 362,991 (3353 r/s)............... ✅ (345,000)
   Batch 73 | Rows: 368,025 (2879 r/s)............... ✅ (350,000)
   Batch 74 | Rows: 373,109 (2852 r/s)............... ✅ (355,000)
   Batch 75 | Rows: 378,193 (2853 r/s)............... ✅ (360,000)
   Batch 76 | Rows: 383,273 (2805 r/s)............... ✅ (365,000)
   Batch 77 | Rows: 388,323 (2760 r/s)............... ✅ (370,000)
   Batch 78 | Rows: 393,413 (2768 r/s)............... ❌ Error
     {'message': 'numeric field overflow', 'code': '22003', 'hint': None, 'details': 'A field with precis
   Batch 79 | Rows: 398,466 (2798 r/s)............... ✅ (375,000)
   Batch 80 | Rows: 403,531 (2820 r/s)............... ✅ (380,000)
   Batch 81 | Rows: 408,601 (2844 r/s)............... ✅ (385,000)
   Batch 82 | Rows: 413,713 (2821 r/s)............... ✅ (390,000)
   Batch 83 | Rows: 418,793 (2733 r/s)............... ✅ (395,000)
   Batch 84 | Rows: 423,808 (2753 r/s)............... ✅ (400,000)
   Batch 85 | Rows: 428,911 (2769 r/s)............... ✅ (405,000)
   Batch 86 | Rows: 434,022 (2792 r/s)............... ✅ (410,000)
   Batch 87 | Rows: 439,124 (2797 r/s)............... ✅ (415,000)
   Batch 88 | Rows: 444,155 (2819 r/s)............... ✅ (420,000)
   Batch 89 | Rows: 449,230 (2837 r/s)............... ✅ (425,000)
   Batch 90 | Rows: 454,271 (2839 r/s)............... ✅ (430,000)
   Batch 91 | Rows: 459,383 (2752 r/s)............... ✅ (435,000)
   Batch 92 | Rows: 464,538 (2737 r/s)............... ✅ (440,000)
   Batch 93 | Rows: 469,722 (2735 r/s)............... ✅ (445,000)
   Batch 94 | Rows: 474,882 (2756 r/s)............... ✅ (450,000)
   Batch 95 | Rows: 479,897 (2776 r/s)............... ✅ (455,000)
   Batch 97 | Rows: 485,001 (2789 r/s)............... ✅ (460,000)
   Batch 98 | Rows: 490,163 (2794 r/s)............... ✅ (465,000)
   Batch 99 | Rows: 495,365 (2814 r/s)............... ✅ (470,000)
   Batch 100 | Rows: 500,589 (2832 r/s).............. ✅ (475,000)
   Batch 101 | Rows: 505,844 (2844 r/s).............. ✅ (480,000)
   Batch 102 | Rows: 511,118 (2825 r/s).............. ✅ (485,000)
   Batch 103 | Rows: 516,198 (2844 r/s).............. ✅ (490,000)
   Batch 104 | Rows: 521,356 (2856 r/s).............. ✅ (495,000)
   Batch 105 | Rows: 527,429 (2880 r/s).............. ✅ (500,000)
   Batch 106 | Rows: 533,101 (2902 r/s).............. ✅ (505,000)
   Batch 107 | Rows: 538,370 (2915 r/s).............. ✅ (510,000)
   Batch 108 | Rows: 543,565 (2934 r/s).............. ✅ (515,000)
   Batch 109 | Rows: 548,977 (2955 r/s).............. ✅ (520,000)
   Batch 110 | Rows: 554,591 (2972 r/s).............. ✅ (525,000)
   Batch 112 | Rows: 560,196 (2993 r/s).............. ✅ (530,000)
   Batch 113 | Rows: 565,792 (2970 r/s).............. ✅ (535,000)
   Batch 114 | Rows: 571,528 (2982 r/s).............. ✅ (540,000)
   Batch 115 | Rows: 577,203 (2973 r/s).............. ✅ (545,000)
   Batch 116 | Rows: 582,913 (2994 r/s).............. ✅ (550,000)
   Batch 117 | Rows: 588,517 (3014 r/s).............. ✅ (555,000)
   Batch 118 | Rows: 594,103 (3016 r/s).............. ✅ (560,000)
   Batch 119 | Rows: 599,724 (3036 r/s).............. ✅ (565,000)
   Batch 121 | Rows: 605,314 (3050 r/s).............. ✅ (570,000)
   Batch 122 | Rows: 610,733 (3069 r/s).............. ✅ (575,000)
   Batch 123 | Rows: 616,281 (3089 r/s).............. ✅ (580,000)
   Batch 124 | Rows: 621,712 (3108 r/s).............. ✅ (585,000)
   Batch 125 | Rows: 627,092 (3126 r/s).............. ✅ (590,000)
   Batch 126 | Rows: 632,490 (3144 r/s).............. ✅ (595,000)
   Batch 127 | Rows: 637,931 (3163 r/s).............. ✅ (600,000)
   Batch 128 | Rows: 643,365 (3177 r/s).............. ✅ (605,000)
   Batch 129 | Rows: 648,783 (3105 r/s).............. ✅ (610,000)
   Batch 130 | Rows: 654,100 (3083 r/s).............. ✅ (615,000)
   Batch 131 | Rows: 659,401 (3081 r/s).............. ✅ (620,000)
   Batch 132 | Rows: 664,739 (3097 r/s).............. ✅ (625,000)
   Batch 134 | Rows: 670,238 (3115 r/s).............. ✅ (630,000)
   Batch 135 | Rows: 675,844 (3133 r/s).............. ✅ (635,000)
   Batch 136 | Rows: 681,243 (3077 r/s).............. ✅ (640,000)
   Batch 137 | Rows: 687,064 (3095 r/s).............. ✅ (645,000)
   Batch 138 | Rows: 692,976 (3114 r/s).............. ✅ (650,000)
   Batch 139 | Rows: 698,935 (3132 r/s).............. ✅ (655,000)
   Batch 141 | Rows: 705,200 (3145 r/s).............. ✅ (660,000)
   Batch 142 | Rows: 711,006 (3137 r/s).............. ✅ (665,000)
   Batch 143 | Rows: 716,983 (3151 r/s).............. ✅ (670,000)
   Batch 144 | Rows: 722,305 (3164 r/s).............. ✅ (675,000)
   Batch 145 | Rows: 727,611 (3177 r/s).............. ✅ (680,000)
   Batch 146 | Rows: 732,901 (3191 r/s).............. ✅ (685,000)
   Batch 147 | Rows: 738,169 (3205 r/s).............. ✅ (690,000)
   Batch 148 | Rows: 743,300 (3218 r/s).............. ✅ (695,000)
   Batch 149 | Rows: 748,395 (3233 r/s).............. ✅ (700,000)
   Batch 150 | Rows: 753,491 (3247 r/s).............. ✅ (705,000)
   Batch 151 | Rows: 758,672 (3262 r/s).............. ✅ (710,000)
   Batch 152 | Rows: 763,919 (3276 r/s).............. ✅ (715,000)
   Batch 153 | Rows: 769,232 (3287 r/s).............. ✅ (720,000)
   Batch 154 | Rows: 774,480 (3301 r/s).............. ✅ (725,000)
   Batch 155 | Rows: 779,754 (3311 r/s).............. ✅ (730,000)
   Batch 156 | Rows: 784,995 (3312 r/s).............. ✅ (735,000)
   Batch 158 | Rows: 790,331 (3326 r/s).............. ✅ (740,000)
   Batch 159 | Rows: 795,511 (3323 r/s).............. ✅ (745,000)
   Batch 160 | Rows: 800,757 (3337 r/s).............. ✅ (750,000)
   Batch 161 | Rows: 805,920 (3351 r/s).............. ✅ (755,000)
   Batch 162 | Rows: 810,956 (3337 r/s).............. ✅ (760,000)
   Batch 163 | Rows: 816,243 (3340 r/s).............. ✅ (765,000)
   Batch 164 | Rows: 821,559 (3354 r/s).............. ✅ (770,000)
   Batch 165 | Rows: 826,784 (3150 r/s).............. ✅ (775,000)
   Batch 166 | Rows: 832,024 (3162 r/s).............. ✅ (780,000)
   Batch 167 | Rows: 837,206 (3175 r/s).............. ✅ (785,000)
   Batch 168 | Rows: 842,371 (3188 r/s).............. ✅ (790,000)
   Batch 169 | Rows: 847,526 (3196 r/s).............. ✅ (795,000)
   Batch 170 | Rows: 852,700 (3207 r/s).............. ❌ Error
     {'message': 'numeric field overflow', 'code': '22003', 'hint': None, 'details': 'A field with precis
   Batch 171 | Rows: 857,953 (3222 r/s).............. ✅ (800,000)
   Batch 172 | Rows: 863,188 (3235 r/s).............. ✅ (805,000)
   Batch 173 | Rows: 868,359 (3241 r/s).............. ✅ (810,000)
   Batch 174 | Rows: 873,551 (3253 r/s).............. ✅ (815,000)
   Batch 175 | Rows: 878,974 (3255 r/s).............. ✅ (820,000)
   Batch 176 | Rows: 884,203 (3266 r/s).............. ✅ (825,000)
   Batch 177 | Rows: 889,465 (3273 r/s).............. ✅ (830,000)
   Batch 178 | Rows: 894,713 (3275 r/s).............. ✅ (835,000)
   Batch 180 | Rows: 900,150 (3254 r/s).............. ✅ (840,000)
   Batch 181 | Rows: 905,385 (3258 r/s).............. ✅ (845,000)
   Batch 182 | Rows: 910,577 (3262 r/s).............. ✅ (850,000)
   Batch 183 | Rows: 915,836 (3260 r/s).............. ✅ (855,000)
   Batch 184 | Rows: 921,084 (3258 r/s).............. ✅ (860,000)
   Batch 185 | Rows: 926,462 (3264 r/s).............. ✅ (865,000)
   Batch 186 | Rows: 931,729 (3199 r/s).............. ✅ (870,000)
   Batch 187 | Rows: 937,028 (3175 r/s).............. ❌ Error
     {'message': 'numeric field overflow', 'code': '22003', 'hint': None, 'details': 'A field with precis
   Batch 188 | Rows: 942,220 (3190 r/s).............. ✅ (875,000)
   Batch 189 | Rows: 947,334 (3201 r/s).............. ✅ (880,000)
   Batch 190 | Rows: 952,479 (3213 r/s).............. ✅ (885,000)
   Batch 191 | Rows: 957,590 (3224 r/s).............. ✅ (890,000)
   Batch 192 | Rows: 962,703 (3101 r/s).............. ✅ (895,000)
   Batch 193 | Rows: 967,809 (3096 r/s).............. ✅ (900,000)
   Batch 194 | Rows: 972,924 (3101 r/s).............. ✅ (905,000)
   Batch 195 | Rows: 978,065 (3112 r/s).............. ✅ (910,000)
   Batch 196 | Rows: 983,197 (3123 r/s).............. ✅ (915,000)
   Batch 197 | Rows: 988,370 (3123 r/s).............. ✅ (920,000)
   Batch 198 | Rows: 993,535 (3132 r/s).............. ✅ (925,000)
   Batch 199 | Rows: 998,667 (3102 r/s).............. ✅ (930,000)
   Batch 200 | Rows: 1,003,935 (3112 r/s)............ ✅ (935,000)
   Batch 201 | Rows: 1,009,100 (3089 r/s)............ ✅ (940,000)
   Batch 202 | Rows: 1,014,271 (3096 r/s)............ ✅ (945,000)
   Batch 203 | Rows: 1,019,369 (3066 r/s)............ ✅ (950,000)
   Batch 204 | Rows: 1,024,465 (3017 r/s)............ ❌ Error
     {'message': 'numeric field overflow', 'code': '22003', 'hint': None, 'details': 'A field with precis
   Batch 205 | Rows: 1,029,565 (3029 r/s)............ ✅ (955,000)
   Batch 206 | Rows: 1,034,681 (3038 r/s)............ ✅ (960,000)
   Batch 207 | Rows: 1,039,819 (3038 r/s)............ ❌ Error
     {'message': 'numeric field overflow', 'code': '22003', 'hint': None, 'details': 'A field with precis
   Batch 208 | Rows: 1,044,921 (3050 r/s)............ ✅ (965,000)
   Batch 210 | Rows: 1,050,021 (3058 r/s)............ ✅ (970,000)
   Batch 211 | Rows: 1,055,117 (3048 r/s)............ ✅ (975,000)
   Batch 212 | Rows: 1,060,190 (3056 r/s)............ ✅ (980,000)
   Batch 213 | Rows: 1,065,273 (3064 r/s)............ ✅ (985,000)
   Batch 214 | Rows: 1,070,359 (3065 r/s)............ ✅ (990,000)
   Batch 215 | Rows: 1,075,439 (3056 r/s)............ ✅ (995,000)
   Batch 216 | Rows: 1,080,527 (3064 r/s)............ ✅ (1,000,000)
   Batch 217 | Rows: 1,085,642 (3047 r/s)............ ✅ (1,005,000)
   Batch 218 | Rows: 1,090,738 (3055 r/s)............ ✅ (1,010,000)
   Batch 219 | Rows: 1,095,849 (3064 r/s)............ ✅ (1,015,000)
   Batch 220 | Rows: 1,100,974 (3067 r/s)............ ✅ (1,020,000)
   Batch 221 | Rows: 1,106,145 (3071 r/s)............ ✅ (1,025,000)
   Batch 222 | Rows: 1,111,317 (3079 r/s)............ ✅ (1,030,000)
   Batch 223 | Rows: 1,116,497 (3088 r/s)............ ✅ (1,035,000)
   Batch 224 | Rows: 1,121,646 (3088 r/s)............ ✅ (1,040,000)
   Batch 225 | Rows: 1,126,771 (3089 r/s)............ ✅ (1,045,000)
   Batch 226 | Rows: 1,132,246 (3098 r/s)............ ✅ (1,050,000)
   Batch 227 | Rows: 1,138,169 (3055 r/s)............ ✅ (1,055,000)
   Batch 228 | Rows: 1,144,019 (3060 r/s)............ ✅ (1,060,000)
   Batch 230 | Rows: 1,150,113 (3070 r/s)............ ✅ (1,065,000)
   Batch 231 | Rows: 1,156,337 (3081 r/s)............ ✅ (1,070,000)
   Batch 232 | Rows: 1,161,757 (3050 r/s)............ ✅ (1,075,000)
   Batch 233 | Rows: 1,167,494 (3060 r/s)............ ✅ (1,080,000)
   Batch 234 | Rows: 1,173,682 (3033 r/s)............ ✅ (1,085,000)
   Batch 235 | Rows: 1,179,412 (2995 r/s)............ ✅ (1,090,000)
   Batch 237 | Rows: 1,185,262 (2997 r/s)............ ✅ (1,095,000)
   Batch 238 | Rows: 1,191,001 (3001 r/s)............ ✅ (1,100,000)
   Batch 239 | Rows: 1,196,779 (2950 r/s)............ ✅ (1,105,000)
   Batch 240 | Rows: 1,202,595 (2957 r/s)............ ✅ (1,110,000)
   Batch 241 | Rows: 1,207,985 (2942 r/s)............ ✅ (1,115,000)
   Batch 242 | Rows: 1,213,271 (2850 r/s)............ ✅ (1,120,000)
   Batch 243 | Rows: 1,218,820 (2821 r/s)............ ✅ (1,125,000)
   Batch 244 | Rows: 1,224,194 (2829 r/s)............ ✅ (1,130,000)
   Batch 245 | Rows: 1,229,603 (2837 r/s)............ ✅ (1,135,000)
   Batch 246 | Rows: 1,234,890 (2802 r/s)............ ✅ (1,140,000)
   Batch 248 | Rows: 1,240,372 (2811 r/s)............ ✅ (1,145,000)
   Batch 249 | Rows: 1,245,807 (2810 r/s)............ ✅ (1,150,000)
   Batch 250 | Rows: 1,251,176 (2812 r/s)............ ✅ (1,155,000)
   Batch 251 | Rows: 1,256,480 (2820 r/s)............ ✅ (1,160,000)
   Batch 252 | Rows: 1,261,818 (2824 r/s)............ ✅ (1,165,000)
   Batch 253 | Rows: 1,267,274 (2779 r/s)............ ✅ (1,170,000)
   Batch 254 | Rows: 1,272,542 (2785 r/s)............ ✅ (1,175,000)
   Batch 255 | Rows: 1,277,798 (2793 r/s)............ ✅ (1,180,000)
   Batch 256 | Rows: 1,283,096 (2800 r/s)............ ✅ (1,185,000)
   Batch 257 | Rows: 1,288,376 (2767 r/s)............ ✅ (1,190,000)
   Batch 258 | Rows: 1,293,643 (2770 r/s)............ ✅ (1,195,000)
   Batch 259 | Rows: 1,298,915 (2778 r/s)............ ✅ (1,200,000)
   Batch 260 | Rows: 1,304,250 (2764 r/s)............ ✅ (1,205,000)
   Batch 261 | Rows: 1,309,664 (2742 r/s)............ ❌ Error
     {'message': 'numeric field overflow', 'code': '22003', 'hint': None, 'details': 'A field with precis
   Batch 263 | Rows: 1,315,094 (2751 r/s)............ ✅ (1,210,000)
   Batch 264 | Rows: 1,320,487 (2758 r/s)............ ✅ (1,215,000)
   Batch 265 | Rows: 1,325,972 (2766 r/s)............ ✅ (1,220,000)
   Batch 266 | Rows: 1,331,513 (2726 r/s)............ ✅ (1,225,000)
   Batch 267 | Rows: 1,337,051 (2720 r/s)............ ✅ (1,230,000)
   Batch 268 | Rows: 1,342,555 (2620 r/s)............ ❌ Error
     {'message': 'canceling statement due to statement timeout', 'code': '57014', 'hint': None, 'details'
   Batch 269 | Rows: 1,348,051 (2610 r/s)............ ❌ Error
     {'message': 'canceling statement due to statement timeout', 'code': '57014', 'hint': None, 'details'
   Batch 270 | Rows: 1,353,705 (2602 r/s)............ ❌ Error
     {'message': 'numeric field overflow', 'code': '22003', 'hint': None, 'details': 'A field with precis
   Batch 271 | Rows: 1,358,994 (2606 r/s)............ ✅ (1,235,000)
   Batch 272 | Rows: 1,364,249 (2556 r/s)............ ✅ (1,240,000)
   Batch 273 | Rows: 1,369,533 (2510 r/s)............ ✅ (1,245,000)
   Batch 274 | Rows: 1,374,810 (2509 r/s)............ ✅ (1,250,000)
   Batch 276 | Rows: 1,380,081 (2515 r/s)............ ✅ (1,255,000)
   Batch 277 | Rows: 1,385,261 (2522 r/s)............ ✅ (1,260,000)
   Batch 278 | Rows: 1,390,504 (2511 r/s)............ ✅ (1,265,000)
   Batch 279 | Rows: 1,395,762 (2505 r/s)............ ✅ (1,270,000)
   Batch 280 | Rows: 1,401,212 (2509 r/s)............ ✅ (1,275,000)
   Batch 281 | Rows: 1,406,585 (2516 r/s)............ ✅ (1,280,000)
   Batch 282 | Rows: 1,412,160 (2517 r/s)............ ✅ (1,285,000)
   Batch 283 | Rows: 1,417,802 (2524 r/s)............ ✅ (1,290,000)
   Batch 284 | Rows: 1,423,351 (2530 r/s)............ ✅ (1,295,000)
   Batch 285 | Rows: 1,428,909 (2522 r/s)............ ✅ (1,300,000)
   Batch 286 | Rows: 1,434,386 (2512 r/s)............ ❌ Error
     {'message': 'numeric field overflow', 'code': '22003', 'hint': None, 'details': 'A field with precis
   Batch 287 | Rows: 1,439,840 (2520 r/s)............ ✅ (1,305,000)
   Batch 289 | Rows: 1,445,456 (2525 r/s)............ ✅ (1,310,000)
   Batch 290 | Rows: 1,451,220 (2532 r/s)............ ✅ (1,315,000)
   Batch 291 | Rows: 1,456,574 (2537 r/s)............ ✅ (1,320,000)
   Batch 292 | Rows: 1,462,240 (2544 r/s)............ ✅ (1,325,000)
   Batch 293 | Rows: 1,467,788 (2551 r/s)............ ✅ (1,330,000)
   Batch 294 | Rows: 1,473,504 (2538 r/s)............ ✅ (1,335,000)
   Batch 295 | Rows: 1,479,157 (2545 r/s)............ ✅ (1,340,000)
   Batch 296 | Rows: 1,484,589 (2552 r/s)............ ✅ (1,345,000)
   Batch 297 | Rows: 1,489,941 (2559 r/s)............ ✅ (1,350,000)
   Batch 299 | Rows: 1,495,599 (2564 r/s)............ ✅ (1,355,000)
   Batch 300 | Rows: 1,501,396 (2572 r/s)............ ❌ Error
     {'message': 'numeric field overflow', 'code': '22003', 'hint': None, 'details': 'A field with precis
   Batch 301 | Rows: 1,507,225 (2581 r/s)............ ✅ (1,360,000)
   Batch 302 | Rows: 1,512,839 (2582 r/s)............ ✅ (1,365,000)
   Batch 303 | Rows: 1,518,590 (2571 r/s)............ ✅ (1,370,000)
   Batch 304 | Rows: 1,523,968 (2578 r/s)............ ✅ (1,375,000)
   Batch 305 | Rows: 1,529,382 (2581 r/s)............ ✅ (1,380,000)
   Batch 306 | Rows: 1,534,723 (2582 r/s)............ ✅ (1,385,000)
   Batch 308 | Rows: 1,540,274 (2589 r/s)............ ✅ (1,390,000)
   Batch 309 | Rows: 1,545,737 (2593 r/s)............ ✅ (1,395,000)
   Batch 310 | Rows: 1,551,144 (2599 r/s)............ ✅ (1,400,000)
   Batch 311 | Rows: 1,556,455 (2592 r/s)............ ✅ (1,405,000)
   Batch 312 | Rows: 1,561,835 (2598 r/s)............ ✅ (1,410,000)
   Batch 313 | Rows: 1,567,272 (2603 r/s)............ ✅ (1,415,000)
   Batch 314 | Rows: 1,572,736 (2610 r/s)............ ✅ (1,420,000)
   Batch 315 | Rows: 1,578,337 (2616 r/s)............ ✅ (1,425,000)
   Batch 316 | Rows: 1,583,724 (2623 r/s)............ ✅ (1,430,000)
   Batch 317 | Rows: 1,589,260 (2627 r/s)............ ✅ (1,435,000)
   Batch 318 | Rows: 1,594,938 (2629 r/s)............ ✅ (1,440,000)
   Batch 320 | Rows: 1,600,294 (2622 r/s)............ ✅ (1,445,000)
   Batch 321 | Rows: 1,605,641 (2605 r/s)............ ✅ (1,450,000)
   Batch 322 | Rows: 1,610,996 (2609 r/s)............ ✅ (1,455,000)
   Batch 323 | Rows: 1,616,525 (2614 r/s)............ ✅ (1,460,000)
   Batch 324 | Rows: 1,621,702 (2593 r/s)............ ✅ (1,465,000)
   Batch 325 | Rows: 1,626,868 (2586 r/s)............ ✅ (1,470,000)
   Batch 326 | Rows: 1,632,236 (2558 r/s)............ ✅ (1,475,000)
   Batch 327 | Rows: 1,637,572 (2562 r/s)............ ✅ (1,480,000)
   Batch 328 | Rows: 1,643,057 (2542 r/s)............ ✅ (1,485,000)
   Batch 329 | Rows: 1,648,695 (2542 r/s)............ ✅ (1,490,000)
   Batch 330 | Rows: 1,654,258 (2546 r/s)............ ✅ (1,495,000)
   Batch 331 | Rows: 1,659,558 (2546 r/s)............ ✅ (1,500,000)
   Batch 332 | Rows: 1,664,756 (2550 r/s)............ ✅ (1,505,000)
   Batch 334 | Rows: 1,670,047 (2552 r/s)............ ✅ (1,510,000)
   Batch 335 | Rows: 1,675,509 (2539 r/s)............ ✅ (1,515,000)
   Batch 336 | Rows: 1,680,621 (2461 r/s)............ ✅ (1,520,000)
   Batch 337 | Rows: 1,686,075 (2432 r/s)............ ✅ (1,525,000)
   Batch 338 | Rows: 1,691,397 (2421 r/s)............ ✅ (1,530,000)
   Batch 339 | Rows: 1,696,471 (2382 r/s)............ ✅ (1,535,000)
   Batch 340 | Rows: 1,701,746 (2384 r/s)............ ✅ (1,540,000)
   Batch 341 | Rows: 1,707,347 (2390 r/s)............ ✅ (1,545,000)
   Batch 342 | Rows: 1,712,632 (2394 r/s)............ ✅ (1,550,000)
   Batch 343 | Rows: 1,718,022 (2393 r/s)............ ✅ (1,555,000)
   Batch 344 | Rows: 1,723,372 (2398 r/s)............ ✅ (1,560,000)
   Batch 345 | Rows: 1,729,079 (2404 r/s)............ ✅ (1,565,000)
   Batch 346 | Rows: 1,734,512 (2409 r/s)............ ✅ (1,570,000)
   Batch 348 | Rows: 1,740,011 (2415 r/s)............ ✅ (1,575,000)
   Batch 349 | Rows: 1,745,333 (2415 r/s)............ ✅ (1,580,000)
   Batch 350 | Rows: 1,750,723 (2417 r/s)............ ❌ Error
     {'message': 'numeric field overflow', 'code': '22003', 'hint': None, 'details': 'A field with precis
   Batch 351 | Rows: 1,756,205 (2423 r/s)............ ✅ (1,585,000)
   Batch 352 | Rows: 1,761,659 (2429 r/s)............ ✅ (1,590,000)
   Batch 353 | Rows: 1,766,975 (2433 r/s)............ ✅ (1,595,000)
   Batch 354 | Rows: 1,772,407 (2432 r/s)............ ✅ (1,600,000)
   Batch 355 | Rows: 1,777,867 (2432 r/s)............ ✅ (1,605,000)
   Batch 356 | Rows: 1,783,098 (2432 r/s)............ ✅ (1,610,000)
   Batch 357 | Rows: 1,788,660 (2424 r/s)............ ✅ (1,615,000)
   Batch 358 | Rows: 1,794,075 (2421 r/s)............ ✅ (1,620,000)
   Batch 359 | Rows: 1,799,411 (2423 r/s)............ ✅ (1,625,000)
   Batch 360 | Rows: 1,804,797 (2428 r/s)............ ✅ (1,630,000)
   Batch 362 | Rows: 1,810,267 (2432 r/s)............ ✅ (1,635,000)
   Batch 363 | Rows: 1,815,622 (2436 r/s)............ ✅ (1,640,000)
   Batch 364 | Rows: 1,821,213 (2427 r/s)............ ✅ (1,645,000)
   Batch 365 | Rows: 1,826,603 (2410 r/s)............ ✅ (1,650,000)
   Batch 366 | Rows: 1,832,067 (2415 r/s)............ ✅ (1,655,000)
   Batch 367 | Rows: 1,837,630 (2419 r/s)............ ✅ (1,660,000)
   Batch 368 | Rows: 1,843,074 (2420 r/s)............ ✅ (1,665,000)
   Batch 369 | Rows: 1,848,515 (2399 r/s)............ ✅ (1,670,000)
   Batch 370 | Rows: 1,854,169 (2386 r/s)............ ✅ (1,675,000)
   Batch 371 | Rows: 1,859,669 (2377 r/s)............ ✅ (1,680,000)
   Batch 373 | Rows: 1,865,143 (2381 r/s)............ ✅ (1,685,000)
   Batch 374 | Rows: 1,870,596 (2378 r/s)............ ✅ (1,690,000)
   Batch 375 | Rows: 1,876,089 (2379 r/s)............ ✅ (1,695,000)
   Batch 376 | Rows: 1,881,677 (2382 r/s)............ ✅ (1,700,000)
   Batch 377 | Rows: 1,887,146 (2370 r/s)............ ✅ (1,705,000)
   Batch 378 | Rows: 1,892,631 (2371 r/s)............ ✅ (1,710,000)
   Batch 379 | Rows: 1,898,110 (2352 r/s)............ ✅ (1,715,000)
   Batch 380 | Rows: 1,903,655 (2334 r/s)............ ✅ (1,720,000)
   Batch 381 | Rows: 1,909,762 (2276 r/s)............ ✅ (1,725,000)
   Batch 383 | Rows: 1,915,308 (2265 r/s)............ ✅ (1,730,000)
   Batch 384 | Rows: 1,920,439 (2258 r/s)............ ✅ (1,735,000)
   Batch 385 | Rows: 1,925,925 (2252 r/s)............ ✅ (1,740,000)
   Batch 386 | Rows: 1,931,375 (2251 r/s)............ ✅ (1,745,000)
   Batch 387 | Rows: 1,936,909 (2255 r/s)............ ✅ (1,750,000)
   Batch 388 | Rows: 1,942,150 (2259 r/s)............ ✅ (1,755,000)
   Batch 389 | Rows: 1,947,174 (2262 r/s)............ ✅ (1,760,000)
   Batch 390 | Rows: 1,952,224 (2245 r/s)............ ✅ (1,765,000)
   Batch 391 | Rows: 1,957,792 (2249 r/s)............ ✅ (1,770,000)
   Batch 392 | Rows: 1,963,519 (2254 r/s)............ ✅ (1,775,000)
   Batch 393 | Rows: 1,969,079 (2242 r/s)............ ✅ (1,780,000)
   Batch 394 | Rows: 1,974,808 (2216 r/s)............ ✅ (1,785,000)
   Batch 396 | Rows: 1,980,527 (2216 r/s)............ ✅ (1,790,000)
   Batch 397 | Rows: 1,985,981 (2211 r/s)............ ✅ (1,795,000)
   Batch 398 | Rows: 1,991,466 (2215 r/s)............ ✅ (1,800,000)
   Batch 399 | Rows: 1,996,986 (2210 r/s)............ ✅ (1,805,000)
   Batch 400 | Rows: 2,002,541 (2211 r/s)............ ✅ (1,810,000)
   Batch 401 | Rows: 2,008,078 (2215 r/s)............ ✅ (1,815,000)
   Batch 402 | Rows: 2,013,680 (2205 r/s)............ ✅ (1,820,000)
   Batch 403 | Rows: 2,019,655 (2207 r/s)............ ✅ (1,825,000)
   Batch 405 | Rows: 2,025,066 (2212 r/s)............ ✅ (1,830,000)
   Batch 406 | Rows: 2,030,462 (2216 r/s)............ ✅ (1,835,000)
   Batch 407 | Rows: 2,035,871 (2204 r/s)............ ✅ (1,840,000)
   Batch 408 | Rows: 2,041,247 (2205 r/s)............ ✅ (1,845,000)
   Batch 409 | Rows: 2,046,686 (2203 r/s)............ ✅ (1,850,000)
   Batch 410 | Rows: 2,052,127 (2187 r/s)............ ✅ (1,855,000)
   Batch 411 | Rows: 2,057,521 (2191 r/s)............ ✅ (1,860,000)
   Batch 412 | Rows: 2,062,847 (2191 r/s)............ ✅ (1,865,000)
   Batch 413 | Rows: 2,068,343 (2195 r/s)............ ✅ (1,870,000)
   Batch 414 | Rows: 2,073,728 (2199 r/s)............ ✅ (1,875,000)
   Batch 415 | Rows: 2,079,239 (2201 r/s)............ ✅ (1,880,000)
   Batch 416 | Rows: 2,084,709 (2202 r/s)............ ✅ (1,885,000)
   Batch 418 | Rows: 2,090,140 (2194 r/s)............ ✅ (1,890,000)
   Batch 419 | Rows: 2,095,713 (2186 r/s)............ ✅ (1,895,000)
   Batch 420 | Rows: 2,101,279 (2190 r/s)............ ✅ (1,900,000)
   Batch 421 | Rows: 2,107,072 (2191 r/s)............ ✅ (1,905,000)
   Batch 422 | Rows: 2,113,254 (2185 r/s)............ ✅ (1,910,000)
   Batch 424 | Rows: 2,120,363 (2189 r/s)............ ✅ (1,915,000)
   Batch 425 | Rows: 2,125,773 (2187 r/s)............ ✅ (1,920,000)
   Batch 426 | Rows: 2,131,195 (2186 r/s)............ ✅ (1,925,000)
   Batch 427 | Rows: 2,136,711 (2190 r/s)............ ✅ (1,930,000)
   Batch 428 | Rows: 2,142,282 (2186 r/s)............ ✅ (1,935,000)
   Batch 429 | Rows: 2,148,312 (2190 r/s)............ ✅ (1,940,000)
   Batch 431 | Rows: 2,156,133 (2197 r/s)............ ✅ (1,945,000)
   Batch 432 | Rows: 2,162,323 (2196 r/s)............ ✅ (1,950,000)
   Batch 433 | Rows: 2,168,400 (2200 r/s)............ ✅ (1,955,000)
   Batch 434 | Rows: 2,174,090 (2204 r/s)............ ✅ (1,960,000)
   Batch 435 | Rows: 2,179,739 (2203 r/s)............ ✅ (1,965,000)
   Batch 437 | Rows: 2,185,394 (2201 r/s)............ ✅ (1,970,000)
   Batch 438 | Rows: 2,190,878 (2201 r/s)............ ✅ (1,975,000)
   Batch 439 | Rows: 2,196,300 (2198 r/s)............ ✅ (1,980,000)
   Batch 440 | Rows: 2,201,598 (2200 r/s)............ ✅ (1,985,000)
   Batch 441 | Rows: 2,206,890 (2199 r/s)............ ✅ (1,990,000)
   Batch 442 | Rows: 2,212,308 (2200 r/s)............ ✅ (1,995,000)
   Batch 443 | Rows: 2,217,641 (2202 r/s)............ ✅ (2,000,000)
   Batch 444 | Rows: 2,223,008 (2202 r/s)............ ✅ (2,005,000)
   Batch 445 | Rows: 2,228,354 (2200 r/s)............ ✅ (2,010,000)
   Batch 446 | Rows: 2,233,731 (2190 r/s)............ ✅ (2,015,000)
   Batch 447 | Rows: 2,239,177 (2185 r/s)............ ✅ (2,020,000)
   Batch 448 | Rows: 2,244,521 (2179 r/s)............ ✅ (2,025,000)
   Batch 449 | Rows: 2,249,994 (2183 r/s)............ ✅ (2,030,000)
   Batch 451 | Rows: 2,255,329 (2185 r/s)............ ✅ (2,035,000)
   Batch 452 | Rows: 2,260,658 (2183 r/s)............ ✅ (2,040,000)
   Batch 453 | Rows: 2,266,007 (2187 r/s)............ ✅ (2,045,000)
   Batch 454 | Rows: 2,271,315 (2191 r/s)............ ❌ Error
     {'message': 'numeric field overflow', 'code': '22003', 'hint': None, 'details': 'A field with precis
   Batch 455 | Rows: 2,276,665 (2195 r/s)............ ✅ (2,050,000)
   Batch 456 | Rows: 2,282,041 (2193 r/s)............ ✅ (2,055,000)
   Batch 457 | Rows: 2,287,389 (2197 r/s)............ ❌ Error
     {'message': 'numeric field overflow', 'code': '22003', 'hint': None, 'details': 'A field with precis
   Batch 458 | Rows: 2,292,690 (2201 r/s)............ ✅ (2,060,000)
   Batch 459 | Rows: 2,298,164 (2182 r/s)............ ✅ (2,065,000)
   Batch 460 | Rows: 2,303,599 (2180 r/s)............ ✅ (2,070,000)
   Batch 461 | Rows: 2,308,917 (2164 r/s)............ ✅ (2,075,000)
   Batch 462 | Rows: 2,314,244 (2159 r/s)............ ✅ (2,080,000)
   Batch 463 | Rows: 2,319,513 (2151 r/s)............ ✅ (2,085,000)
   Batch 464 | Rows: 2,324,917 (2155 r/s)............ ✅ (2,090,000)
   Batch 466 | Rows: 2,330,369 (2155 r/s)............ ✅ (2,095,000)
   Batch 467 | Rows: 2,335,751 (2154 r/s)............ ✅ (2,100,000)
   Batch 468 | Rows: 2,341,088 (2148 r/s)............ ✅ (2,105,000)
   Batch 469 | Rows: 2,346,307 (2152 r/s)............ ✅ (2,110,000)
   Batch 470 | Rows: 2,351,511 (2155 r/s)............ ✅ (2,115,000)
   Batch 471 | Rows: 2,356,669 (2159 r/s)............ ✅ (2,120,000)
   Batch 472 | Rows: 2,361,843 (2161 r/s)............ ✅ (2,125,000)
   Batch 473 | Rows: 2,367,065 (2164 r/s)............ ✅ (2,130,000)
   Batch 474 | Rows: 2,372,523 (2167 r/s)............ ✅ (2,135,000)
   Batch 475 | Rows: 2,377,977 (2171 r/s)............ ✅ (2,140,000)
   Batch 476 | Rows: 2,384,446 (2176 r/s)............ ✅ (2,145,000)
   Batch 477 | Rows: 2,389,772 (2179 r/s)............ ✅ (2,150,000)
   Batch 479 | Rows: 2,395,003 (2182 r/s)............ ✅ (2,155,000)
   Batch 480 | Rows: 2,400,126 (2185 r/s)............ ✅ (2,160,000)
   Batch 481 | Rows: 2,405,166 (2187 r/s)............ ✅ (2,165,000)
   Batch 482 | Rows: 2,410,426 (2189 r/s)............ ✅ (2,170,000)
   Batch 483 | Rows: 2,415,728 (2191 r/s)............ ✅ (2,175,000)
   Batch 484 | Rows: 2,421,146 (2194 r/s)............ ✅ (2,180,000)
   Batch 485 | Rows: 2,426,593 (2196 r/s)............ ✅ (2,185,000)
   Batch 486 | Rows: 2,431,862 (2196 r/s)............ ❌ Error
     {'message': 'numeric field overflow', 'code': '22003', 'hint': None, 'details': 'A field with precis
   Batch 487 | Rows: 2,437,182 (2200 r/s)............ ✅ (2,190,000)
   Batch 488 | Rows: 2,442,467 (2203 r/s)............ ✅ (2,195,000)
   Batch 489 | Rows: 2,447,790 (2205 r/s)............ ✅ (2,200,000)
   Batch 490 | Rows: 2,453,065 (2209 r/s)............ ✅ (2,205,000)
   Batch 491 | Rows: 2,458,306 (2212 r/s)............ ✅ (2,210,000)
   Batch 492 | Rows: 2,463,593 (2205 r/s)............ ✅ (2,215,000)
   Batch 493 | Rows: 2,468,900 (2207 r/s)............ ✅ (2,220,000)
   Batch 494 | Rows: 2,474,231 (2207 r/s)............ ✅ (2,225,000)
   Batch 495 | Rows: 2,479,583 (2202 r/s)............ ✅ (2,230,000)
   Batch 496 | Rows: 2,484,975 (2206 r/s)............ ✅ (2,235,000)
   Batch 498 | Rows: 2,490,306 (2203 r/s)............ ✅ (2,240,000)
   Batch 499 | Rows: 2,495,504 (2206 r/s)............ ✅ (2,245,000)
   Batch 500 | Rows: 2,500,745 (2196 r/s)............ ✅ (2,250,000)
   Batch 501 | Rows: 2,506,094 (2190 r/s)............ ✅ (2,255,000)
   Batch 502 | Rows: 2,511,984 (2193 r/s)............ ❌ Error
     {'message': 'numeric field overflow', 'code': '22003', 'hint': None, 'details': 'A field with precis
   Batch 503 | Rows: 2,517,491 (2198 r/s)............ ✅ (2,260,000)
   Batch 504 | Rows: 2,522,820 (2196 r/s)............ ✅ (2,265,000)
   Batch 505 | Rows: 2,528,173 (2198 r/s)............ ✅ (2,270,000)
   Batch 506 | Rows: 2,533,437 (2201 r/s)............ ✅ (2,275,000)
   Batch 507 | Rows: 2,539,305 (2202 r/s)............ ✅ (2,280,000)
   Batch 508 | Rows: 2,544,658 (2195 r/s)............ ❌ Error
     {'message': 'canceling statement due to statement timeout', 'code': '57014', 'hint': None, 'details'
   Batch 510 | Rows: 2,550,373 (2187 r/s)............ ❌ Error
     {'message': 'canceling statement due to statement timeout', 'code': '57014', 'hint': None, 'details'
   Batch 511 | Rows: 2,556,187 (2184 r/s)............ ❌ Error
     {'message': 'canceling statement due to statement timeout', 'code': '57014', 'hint': None, 'details'
   Batch 512 | Rows: 2,561,972 (2179 r/s)............ ✅ (2,285,000)
   Batch 513 | Rows: 2,567,729 (2156 r/s)............ ✅ (2,290,000)
   Batch 514 | Rows: 2,573,514 (2151 r/s)............ ✅ (2,295,000)
   Batch 515 | Rows: 2,579,266 (2141 r/s)............ ✅ (2,300,000)
   Batch 517 | Rows: 2,585,028 (2134 r/s)............ ✅ (2,305,000)
   Batch 518 | Rows: 2,591,111 (2129 r/s)............ ✅ (2,310,000)
   Batch 519 | Rows: 2,597,109 (2132 r/s)............ ✅ (2,315,000)
   Batch 520 | Rows: 2,602,425 (2127 r/s)............ ✅ (2,320,000)
   Batch 521 | Rows: 2,608,698 (2124 r/s)............ ✅ (2,325,000)
   Batch 523 | Rows: 2,615,044 (2126 r/s)............ ✅ (2,330,000)
   Batch 524 | Rows: 2,621,104 (2129 r/s)............ ✅ (2,335,000)
   Batch 525 | Rows: 2,626,484 (2131 r/s)............ ✅ (2,340,000)
   Batch 526 | Rows: 2,631,759 (2132 r/s)............ ✅ (2,345,000)
   Batch 527 | Rows: 2,637,179 (2135 r/s)............ ✅ (2,350,000)
   Batch 528 | Rows: 2,642,592 (2138 r/s)............ ✅ (2,355,000)
   Batch 529 | Rows: 2,647,926 (2141 r/s)............ ✅ (2,360,000)
   Batch 530 | Rows: 2,653,287 (2141 r/s)............ ✅ (2,365,000)
   Batch 531 | Rows: 2,658,636 (2143 r/s)............ ✅ (2,370,000)
   Batch 532 | Rows: 2,663,962 (2141 r/s)............ ✅ (2,375,000)
   Batch 533 | Rows: 2,669,307 (2141 r/s)............ ✅ (2,380,000)
   Batch 534 | Rows: 2,674,799 (2144 r/s)............ ✅ (2,385,000)
   Batch 536 | Rows: 2,680,066 (2136 r/s)............ ✅ (2,390,000)
   Batch 537 | Rows: 2,685,316 (2134 r/s)............ ✅ (2,395,000)
   Batch 538 | Rows: 2,690,706 (2136 r/s)............ ✅ (2,400,000)
   Batch 539 | Rows: 2,696,288 (2139 r/s)............ ✅ (2,405,000)
   Batch 540 | Rows: 2,701,724 (2141 r/s)............ ✅ (2,410,000)
   Batch 541 | Rows: 2,707,117 (2144 r/s)............ ✅ (2,415,000)
   Batch 542 | Rows: 2,712,669 (2147 r/s)............ ✅ (2,420,000)
   Batch 543 | Rows: 2,718,106 (2150 r/s)............ ✅ (2,425,000)
   Batch 544 | Rows: 2,723,601 (2153 r/s)............ ✅ (2,430,000)
   Batch 545 | Rows: 2,728,949 (2156 r/s)............ ✅ (2,435,000)
   Batch 546 | Rows: 2,734,324 (2153 r/s)............ ✅ (2,440,000)
   Batch 547 | Rows: 2,739,578 (2138 r/s)............ ✅ (2,445,000)
   Batch 548 | Rows: 2,744,917 (2119 r/s)............ ✅ (2,450,000)
   Batch 550 | Rows: 2,750,286 (2116 r/s)............ ✅ (2,455,000)
   Batch 551 | Rows: 2,755,591 (2116 r/s)............ ✅ (2,460,000)
   Batch 552 | Rows: 2,761,006 (2116 r/s)............ ✅ (2,465,000)
   Batch 553 | Rows: 2,766,488 (2117 r/s)............ ✅ (2,470,000)
   Batch 554 | Rows: 2,771,950 (2116 r/s)............ ✅ (2,475,000)
   Batch 555 | Rows: 2,777,258 (2112 r/s)............ ✅ (2,480,000)
   Batch 556 | Rows: 2,782,621 (2114 r/s)............ ✅ (2,485,000)
   Batch 557 | Rows: 2,788,003 (2114 r/s)............ ✅ (2,490,000)
   Batch 558 | Rows: 2,793,419 (2114 r/s)............ ✅ (2,495,000)
   Batch 559 | Rows: 2,798,881 (2110 r/s)............ ✅ (2,500,000)
   Batch 560 | Rows: 2,804,124 (2107 r/s)............ ✅ (2,505,000)
   Batch 561 | Rows: 2,809,905 (2107 r/s)............ ✅ (2,510,000)
   Batch 563 | Rows: 2,815,578 (2111 r/s)............ ✅ (2,515,000)
   Batch 564 | Rows: 2,821,295 (2112 r/s)............ ✅ (2,520,000)
   Batch 565 | Rows: 2,827,144 (2107 r/s)............ ✅ (2,525,000)
   Batch 566 | Rows: 2,833,084 (2110 r/s)............ ✅ (2,530,000)
   Batch 567 | Rows: 2,838,772 (2105 r/s)............ ✅ (2,535,000)
   Batch 568 | Rows: 2,844,078 (2101 r/s)............ ✅ (2,540,000)
   Batch 569 | Rows: 2,849,144 (2100 r/s)............ ✅ (2,545,000)
   Batch 570 | Rows: 2,854,400 (2099 r/s)............ ✅ (2,550,000)
   Batch 571 | Rows: 2,859,567 (2099 r/s)............ ✅ (2,555,000)
   Batch 572 | Rows: 2,864,745 (2095 r/s)............ ✅ (2,560,000)
   Batch 573 | Rows: 2,869,983 (2089 r/s)............ ✅ (2,565,000)
   Batch 575 | Rows: 2,876,476 (2083 r/s)............ ✅ (2,570,000)
   Batch 576 | Rows: 2,881,784 (2077 r/s)............ ✅ (2,575,000)
   Batch 577 | Rows: 2,887,140 (2074 r/s)............ ✅ (2,580,000)
   Batch 578 | Rows: 2,892,468 (2072 r/s)............ ✅ (2,585,000)
   Batch 579 | Rows: 2,897,830 (2074 r/s)............ ✅ (2,590,000)
   Batch 580 | Rows: 2,903,430 (2073 r/s)............ ✅ (2,595,000)
   Batch 581 | Rows: 2,908,722 (2074 r/s)............ ✅ (2,600,000)
   Batch 582 | Rows: 2,914,122 (2076 r/s)............ ✅ (2,605,000)
   Batch 583 | Rows: 2,919,579 (2069 r/s)............ ✅ (2,610,000)
   Batch 585 | Rows: 2,925,506 (2066 r/s)............ ✅ (2,615,000)
   Batch 586 | Rows: 2,930,899 (2064 r/s)............ ✅ (2,620,000)
   Batch 587 | Rows: 2,936,505 (2065 r/s)............ ✅ (2,625,000)
   Batch 588 | Rows: 2,942,075 (2066 r/s)............ ✅ (2,630,000)
   Batch 589 | Rows: 2,948,114 (2068 r/s)............ ✅ (2,635,000)
   Batch 590 | Rows: 2,953,628 (2069 r/s)............ ✅ (2,640,000)
   Batch 591 | Rows: 2,959,165 (2057 r/s)............ ✅ (2,645,000)
   Batch 592 | Rows: 2,964,582 (2060 r/s)............ ✅ (2,650,000)
   Batch 593 | Rows: 2,969,988 (2063 r/s)............ ✅ (2,655,000)
   Batch 595 | Rows: 2,975,888 (2065 r/s)............ ✅ (2,660,000)
   Batch 596 | Rows: 2,981,219 (2068 r/s)............ ✅ (2,665,000)
   Batch 597 | Rows: 2,986,977 (2071 r/s)............ ❌ Error
     {'message': 'numeric field overflow', 'code': '22003', 'hint': None, 'details': 'A field with precis
   Batch 598 | Rows: 2,992,726 (2075 r/s)............ ✅ (2,670,000)
   Batch 599 | Rows: 2,998,853 (2077 r/s)............ ✅ (2,675,000)
   Batch 600 | Rows: 3,004,629 (2076 r/s)............ ✅ (2,680,000)
   Batch 602 | Rows: 3,011,136 (2078 r/s)............ ✅ (2,685,000)
   Batch 603 | Rows: 3,017,050 (2081 r/s)............ ✅ (2,690,000)
   Batch 604 | Rows: 3,023,344 (2084 r/s)............ ❌ Error
     {'message': 'numeric field overflow', 'code': '22003', 'hint': None, 'details': 'A field with precis
   Batch 606 | Rows: 3,030,290 (2089 r/s)............ ✅ (2,695,000)
   Batch 607 | Rows: 3,036,205 (2091 r/s)............ ✅ (2,700,000)
   Batch 608 | Rows: 3,042,053 (2090 r/s)............ ❌ Error
     {'message': 'numeric field overflow', 'code': '22003', 'hint': None, 'details': 'A field with precis
   Batch 609 | Rows: 3,047,569 (2093 r/s)............ ✅ (2,705,000)
   Batch 610 | Rows: 3,053,007 (2094 r/s)............ ✅ (2,710,000)
   Batch 611 | Rows: 3,059,133 (2096 r/s)............ ✅ (2,715,000)
   Batch 613 | Rows: 3,065,912 (2100 r/s)............ ✅ (2,720,000)
   Batch 614 | Rows: 3,072,985 (2104 r/s)............ ✅ (2,725,000)
   Batch 615 | Rows: 3,079,491 (2107 r/s)............ ✅ (2,730,000)
   Batch 617 | Rows: 3,085,526 (2110 r/s)............ ✅ (2,735,000)
   Batch 618 | Rows: 3,091,429 (2113 r/s)............ ✅ (2,740,000)
   Batch 619 | Rows: 3,097,738 (2113 r/s)............ ✅ (2,745,000)
   Batch 620 | Rows: 3,103,294 (2112 r/s)............ ✅ (2,750,000)
   Batch 621 | Rows: 3,109,009 (2115 r/s)............ ✅ (2,755,000)
   Batch 622 | Rows: 3,114,666 (2117 r/s)............ ✅ (2,760,000)
   Batch 623 | Rows: 3,119,927 (2118 r/s)............ ✅ (2,765,000)
   Batch 625 | Rows: 3,125,437 (2120 r/s)............ ✅ (2,770,000)
   Batch 626 | Rows: 3,131,480 (2123 r/s)............ ✅ (2,775,000)
   Batch 627 | Rows: 3,137,321 (2125 r/s)............ ✅ (2,780,000)
   Batch 628 | Rows: 3,143,043 (2119 r/s)............ ✅ (2,785,000)
   Batch 629 | Rows: 3,148,915 (2121 r/s)............ ❌ Error
     {'message': 'numeric field overflow', 'code': '22003', 'hint': None, 'details': 'A field with precis
   Batch 630 | Rows: 3,154,910 (2125 r/s)............ ✅ (2,790,000)
   Batch 632 | Rows: 3,161,022 (2127 r/s)............ ✅ (2,795,000)
   Batch 633 | Rows: 3,166,187 (2129 r/s)............ ✅ (2,800,000)
   Batch 634 | Rows: 3,171,365 (2128 r/s)............ ❌ Error
     {'message': 'numeric field overflow', 'code': '22003', 'hint': None, 'details': 'A field with precis
   Batch 635 | Rows: 3,176,691 (2131 r/s)............ ✅ (2,805,000)
   Batch 636 | Rows: 3,182,227 (2134 r/s)............ ✅ (2,810,000)
   Batch 637 | Rows: 3,187,715 (2129 r/s)............ ✅ (2,815,000)
   Batch 638 | Rows: 3,193,119 (2123 r/s)............ ✅ (2,820,000)
   Batch 639 | Rows: 3,198,540 (2126 r/s)............ ✅ (2,825,000)
   Batch 640 | Rows: 3,204,719 (2124 r/s)............ ❌ Error
     {'message': 'numeric field overflow', 'code': '22003', 'hint': None, 'details': 'A field with precis
   Batch 642 | Rows: 3,210,213 (2127 r/s)............ ✅ (2,830,000)
   Batch 643 | Rows: 3,215,587 (2123 r/s)............ ✅ (2,835,000)
   Batch 644 | Rows: 3,221,207 (2125 r/s)............ ✅ (2,840,000)
   Batch 645 | Rows: 3,226,812 (2128 r/s)............ ✅ (2,845,000)
   Batch 646 | Rows: 3,232,389 (2114 r/s)............ ✅ (2,850,000)
   Batch 647 | Rows: 3,237,985 (2103 r/s)............ ✅ (2,855,000)
   Batch 648 | Rows: 3,243,653 (2101 r/s)............ ✅ (2,860,000)
   Batch 649 | Rows: 3,249,434 (2101 r/s)............ ✅ (2,865,000)
   Batch 650 | Rows: 3,254,745 (2100 r/s)............ ✅ (2,870,000)
   Batch 651 | Rows: 3,259,956 (2101 r/s)............ ✅ (2,875,000)
   Batch 653 | Rows: 3,265,168 (2101 r/s)............ ✅ (2,880,000)
   Batch 654 | Rows: 3,270,342 (2100 r/s)............ ✅ (2,885,000)
   Batch 655 | Rows: 3,275,551 (2102 r/s)............ ✅ (2,890,000)
   Batch 656 | Rows: 3,280,867 (2103 r/s)............ ✅ (2,895,000)
   Batch 657 | Rows: 3,286,141 (2105 r/s)............ ✅ (2,900,000)
   Batch 658 | Rows: 3,291,357 (2107 r/s)............ ✅ (2,905,000)
   Batch 659 | Rows: 3,296,557 (2107 r/s)............ ✅ (2,910,000)
   Batch 660 | Rows: 3,301,696 (2104 r/s)............ ✅ (2,915,000)
   Batch 661 | Rows: 3,306,902 (2106 r/s)............ ✅ (2,920,000)
   Batch 662 | Rows: 3,312,331 (2108 r/s)............ ✅ (2,925,000)
   Batch 663 | Rows: 3,317,702 (2110 r/s)............ ✅ (2,930,000)
   Batch 664 | Rows: 3,322,970 (2110 r/s)............ ✅ (2,935,000)
   Batch 665 | Rows: 3,328,262 (2112 r/s)............ ✅ (2,940,000)
   Batch 666 | Rows: 3,333,545 (2115 r/s)............ ✅ (2,945,000)
   Batch 667 | Rows: 3,338,821 (2113 r/s)............ ✅ (2,950,000)
   Batch 668 | Rows: 3,344,479 (2112 r/s)............ ✅ (2,955,000)
   Batch 670 | Rows: 3,350,032 (2101 r/s)............ ✅ (2,960,000)
   Batch 671 | Rows: 3,355,495 (2096 r/s)............ ✅ (2,965,000)
   Batch 672 | Rows: 3,361,023 (2096 r/s)............ ✅ (2,970,000)
   Batch 673 | Rows: 3,366,707 (2097 r/s)............ ✅ (2,975,000)
   Batch 674 | Rows: 3,372,324 (2095 r/s)............ ✅ (2,980,000)
   Batch 675 | Rows: 3,377,788 (2093 r/s)............ ✅ (2,985,000)
   Batch 676 | Rows: 3,383,381 (2087 r/s)............ ✅ (2,990,000)
   Batch 677 | Rows: 3,388,636 (2070 r/s)............ ✅ (2,995,000)
   Batch 678 | Rows: 3,393,898 (2069 r/s)............ ✅ (3,000,000)
   Batch 679 | Rows: 3,399,221 (2042 r/s)............ ✅ (3,005,000)
   Batch 680 | Rows: 3,404,500 (2038 r/s)............ ✅ (3,010,000)
   Batch 681 | Rows: 3,409,735 (2024 r/s)............ ✅ (3,015,000)
   Batch 683 | Rows: 3,415,155 (1998 r/s)............ ✅ (3,020,000)
   Batch 684 | Rows: 3,420,374 (1995 r/s)............ ✅ (3,025,000)
   Batch 685 | Rows: 3,425,696 (1994 r/s)............ ✅ (3,030,000)
   Batch 686 | Rows: 3,430,924 (1988 r/s)............ ✅ (3,035,000)
   Batch 687 | Rows: 3,436,188 (1988 r/s)............ ✅ (3,040,000)
   Batch 688 | Rows: 3,441,306 (1990 r/s)............ ✅ (3,045,000)
   Batch 689 | Rows: 3,446,520 (1991 r/s)............ ✅ (3,050,000)
   Batch 690 | Rows: 3,451,762 (1993 r/s)............ ✅ (3,055,000)
   Batch 691 | Rows: 3,456,987 (1993 r/s)............ ✅ (3,060,000)
   Batch 692 | Rows: 3,462,214 (1995 r/s)............ ✅ (3,065,000)
   Batch 693 | Rows: 3,467,386 (1992 r/s)............ ✅ (3,070,000)
   Batch 694 | Rows: 3,472,576 (1994 r/s)............ ✅ (3,075,000)
   Batch 695 | Rows: 3,477,745 (1982 r/s)............ ✅ (3,080,000)
   Batch 696 | Rows: 3,482,970 (1985 r/s)............ ✅ (3,085,000)
   Batch 697 | Rows: 3,488,136 (1987 r/s)............ ✅ (3,090,000)
   Batch 698 | Rows: 3,493,339 (1989 r/s)............ ✅ (3,095,000)
   Batch 699 | Rows: 3,498,517 (1991 r/s)............ ✅ (3,100,000)
   Batch 700 | Rows: 3,503,677 (1993 r/s)............ ✅ (3,105,000)
   Batch 701 | Rows: 3,508,936 (1995 r/s)............ ✅ (3,110,000)
   Batch 702 | Rows: 3,514,199 (1990 r/s)............ ✅ (3,115,000)
   Batch 703 | Rows: 3,519,476 (1991 r/s)............ ✅ (3,120,000)
   Batch 704 | Rows: 3,524,685 (1992 r/s)............ ✅ (3,125,000)
   Batch 705 | Rows: 3,529,878 (1993 r/s)............ ✅ (3,130,000)
   Batch 707 | Rows: 3,535,085 (1993 r/s)............ ✅ (3,135,000)
   Batch 708 | Rows: 3,540,282 (1990 r/s)............ ✅ (3,140,000)
   Batch 709 | Rows: 3,545,589 (1991 r/s)............ ✅ (3,145,000)
   Batch 710 | Rows: 3,550,800 (1991 r/s)............ ❌ Error
     {'message': 'canceling statement due to statement timeout', 'code': '57014', 'hint': None, 'details'
   Batch 711 | Rows: 3,556,045 (1989 r/s)............ ❌ Error
     {'message': 'canceling statement due to statement timeout', 'code': '57014', 'hint': None, 'details'
   Batch 712 | Rows: 3,561,270 (1987 r/s)............ ❌ Error
     {'message': 'canceling statement due to statement timeout', 'code': '57014', 'hint': None, 'details'
   Batch 713 | Rows: 3,566,484 (1986 r/s)............ ❌ Error
     {'message': 'canceling statement due to statement timeout', 'code': '57014', 'hint': None, 'details'
   Batch 714 | Rows: 3,571,681 (1985 r/s)............ ❌ Error
     {'message': 'canceling statement due to statement timeout', 'code': '57014', 'hint': None, 'details'
   Batch 715 | Rows: 3,577,328 (1977 r/s)............ ✅ (3,150,000)
   Batch 716 | Rows: 3,582,540 (1974 r/s)............ ✅ (3,155,000)
   Batch 717 | Rows: 3,588,007 (1968 r/s)............ ✅ (3,160,000)
   Batch 718 | Rows: 3,593,181 (1968 r/s)............ ✅ (3,165,000)
   Batch 719 | Rows: 3,598,342 (1969 r/s)............ ✅ (3,170,000)
   Batch 720 | Rows: 3,603,525 (1971 r/s)............ ✅ (3,175,000)
   Batch 721 | Rows: 3,608,714 (1972 r/s)............ ❌ Error
     {'message': 'numeric field overflow', 'code': '22003', 'hint': None, 'details': 'A field with precis
   Batch 722 | Rows: 3,613,869 (1975 r/s)............ ✅ (3,180,000)
   Batch 723 | Rows: 3,619,075 (1966 r/s)............ ✅ (3,185,000)
   Batch 724 | Rows: 3,624,238 (1964 r/s)............ ✅ (3,190,000)
   Batch 725 | Rows: 3,629,389 (1959 r/s)............ ✅ (3,195,000)
   Batch 726 | Rows: 3,634,575 (1958 r/s)............ ✅ (3,200,000)
   Batch 727 | Rows: 3,639,789 (1957 r/s)............ ✅ (3,205,000)
   Batch 728 | Rows: 3,644,937 (1958 r/s)............ ✅ (3,210,000)
   Batch 730 | Rows: 3,650,176 (1958 r/s)............ ✅ (3,215,000)
   Batch 731 | Rows: 3,655,362 (1959 r/s)............ ✅ (3,220,000)
   Batch 732 | Rows: 3,660,888 (1957 r/s)............ ✅ (3,225,000)
   Batch 733 | Rows: 3,666,140 (1958 r/s)............ ✅ (3,230,000)
   Batch 734 | Rows: 3,671,403 (1959 r/s)............ ✅ (3,235,000)
   Batch 735 | Rows: 3,676,757 (1961 r/s)............ ✅ (3,240,000)
   Batch 736 | Rows: 3,682,396 (1960 r/s)............ ✅ (3,245,000)
   Batch 737 | Rows: 3,688,196 (1963 r/s)............ ✅ (3,250,000)
   Batch 738 | Rows: 3,693,462 (1959 r/s)............ ✅ (3,255,000)
   Batch 739 | Rows: 3,698,743 (1958 r/s)............ ✅ (3,260,000)
   Batch 740 | Rows: 3,704,038 (1959 r/s)............ ✅ (3,265,000)
   Batch 741 | Rows: 3,709,352 (1960 r/s)............ ✅ (3,270,000)
   Batch 742 | Rows: 3,714,618 (1959 r/s)............ ✅ (3,275,000)
   Batch 743 | Rows: 3,719,882 (1960 r/s)............ ✅ (3,280,000)
   Batch 745 | Rows: 3,725,167 (1950 r/s)............ ✅ (3,285,000)
   Batch 746 | Rows: 3,730,443 (1948 r/s)............ ✅ (3,290,000)
   Batch 747 | Rows: 3,735,703 (1949 r/s)............ ✅ (3,295,000)
   Batch 748 | Rows: 3,741,055 (1949 r/s)............ ✅ (3,300,000)
   Batch 749 | Rows: 3,746,324 (1948 r/s)............ ✅ (3,305,000)
   Batch 750 | Rows: 3,751,576 (1949 r/s)............ ✅ (3,310,000)
   Batch 751 | Rows: 3,756,831 (1947 r/s)............ ✅ (3,315,000)
   Batch 752 | Rows: 3,762,087 (1949 r/s)............ ✅ (3,320,000)
   Batch 753 | Rows: 3,767,416 (1944 r/s)............ ✅ (3,325,000)
   Batch 754 | Rows: 3,772,981 (1947 r/s)............ ✅ (3,330,000)
   Batch 755 | Rows: 3,778,212 (1945 r/s)............ ✅ (3,335,000)
   Batch 756 | Rows: 3,783,620 (1945 r/s)............ ✅ (3,340,000)
   Batch 757 | Rows: 3,788,844 (1947 r/s)............ ✅ (3,345,000)
   Batch 758 | Rows: 3,794,131 (1923 r/s)............ ✅ (3,350,000)
   Batch 759 | Rows: 3,799,404 (1922 r/s)............ ✅ (3,355,000)
   Batch 760 | Rows: 3,804,929 (1922 r/s)............ ✅ (3,360,000)
   Batch 762 | Rows: 3,810,186 (1923 r/s)............ ✅ (3,365,000)
   Batch 763 | Rows: 3,815,492 (1922 r/s)............ ✅ (3,370,000)
   Batch 764 | Rows: 3,820,775 (1916 r/s)............ ✅ (3,375,000)
   Batch 765 | Rows: 3,826,010 (1909 r/s)............ ✅ (3,380,000)
   Batch 766 | Rows: 3,831,231 (1902 r/s)............ ✅ (3,385,000)
   Batch 767 | Rows: 3,836,544 (1901 r/s)............ ✅ (3,390,000)
   Batch 768 | Rows: 3,841,973 (1902 r/s)............ ✅ (3,395,000)
   Batch 769 | Rows: 3,847,257 (1904 r/s)............ ✅ (3,400,000)
   Batch 770 | Rows: 3,852,600 (1890 r/s)............ ✅ (3,405,000)
   Batch 771 | Rows: 3,857,936 (1891 r/s)............ ✅ (3,410,000)
   Batch 772 | Rows: 3,863,228 (1892 r/s)............ ✅ (3,415,000)
   Batch 773 | Rows: 3,868,469 (1894 r/s)............ ✅ (3,420,000)
   Batch 774 | Rows: 3,873,826 (1894 r/s)............ ✅ (3,425,000)
   Batch 775 | Rows: 3,879,062 (1895 r/s)............ ✅ (3,430,000)
   Batch 776 | Rows: 3,884,298 (1895 r/s)............ ✅ (3,435,000)
   Batch 777 | Rows: 3,889,603 (1890 r/s)............ ✅ (3,440,000)
   Batch 778 | Rows: 3,894,878 (1891 r/s)............ ✅ (3,445,000)
   Batch 780 | Rows: 3,900,133 (1888 r/s)............ ✅ (3,450,000)
   Batch 781 | Rows: 3,905,751 (1888 r/s)............ ✅ (3,455,000)
   Batch 782 | Rows: 3,911,222 (1888 r/s)............ ✅ (3,460,000)
   Batch 783 | Rows: 3,916,480 (1888 r/s)............ ✅ (3,465,000)
   Batch 784 | Rows: 3,921,691 (1889 r/s)............ ✅ (3,470,000)
   Batch 785 | Rows: 3,926,975 (1891 r/s)............ ✅ (3,475,000)
   Batch 786 | Rows: 3,932,522 (1885 r/s)............ ❌ Error
     {'message': 'numeric field overflow', 'code': '22003', 'hint': None, 'details': 'A field with precis
   Batch 788 | Rows: 3,943,270 (1890 r/s)............ ✅ (3,480,000)
   Batch 789 | Rows: 3,948,882 (1891 r/s)............ ✅ (3,485,000)
   Batch 790 | Rows: 3,954,482 (1893 r/s)............ ✅ (3,490,000)
   Batch 792 | Rows: 3,960,537 (1893 r/s)............ ✅ (3,495,000)
   Batch 793 | Rows: 3,966,853 (1895 r/s)............ ✅ (3,500,000)
   Batch 794 | Rows: 3,972,861 (1891 r/s)............ ✅ (3,505,000)
   Batch 795 | Rows: 3,978,634 (1893 r/s)............ ✅ (3,510,000)
   Batch 796 | Rows: 3,984,692 (1894 r/s)............ ✅ (3,515,000)
   Batch 798 | Rows: 3,990,243 (1896 r/s)............ ✅ (3,520,000)
   Batch 799 | Rows: 3,995,703 (1897 r/s)............ ✅ (3,525,000)
   Batch 800 | Rows: 4,001,063 (1899 r/s)............ ✅ (3,530,000)
   Batch 801 | Rows: 4,006,491 (1895 r/s)............ ✅ (3,535,000)
   Batch 802 | Rows: 4,011,927 (1897 r/s)............ ✅ (3,540,000)
   Batch 803 | Rows: 4,017,396 (1898 r/s)............ ✅ (3,545,000)
   Batch 804 | Rows: 4,022,847 (1897 r/s)............ ✅ (3,550,000)
   Batch 805 | Rows: 4,028,261 (1899 r/s)............ ❌ Error
     {'message': 'numeric field overflow', 'code': '22003', 'hint': None, 'details': 'A field with precis
   Batch 806 | Rows: 4,033,662 (1901 r/s)............ ✅ (3,555,000)
   Batch 807 | Rows: 4,038,945 (1899 r/s)............ ✅ (3,560,000)
   Batch 808 | Rows: 4,044,480 (1901 r/s)............ ✅ (3,565,000)
   Batch 809 | Rows: 4,049,716 (1899 r/s)............ ✅ (3,570,000)
   Batch 811 | Rows: 4,055,075 (1898 r/s)............ ✅ (3,575,000)
   Batch 812 | Rows: 4,060,520 (1899 r/s)............ ✅ (3,580,000)
   Batch 813 | Rows: 4,066,155 (1899 r/s)............ ✅ (3,585,000)
   Batch 814 | Rows: 4,072,007 (1894 r/s)............ ❌ Error
     {'message': 'numeric field overflow', 'code': '22003', 'hint': None, 'details': 'A field with precis
   Batch 815 | Rows: 4,077,589 (1896 r/s)............ ✅ (3,590,000)
   Batch 816 | Rows: 4,083,186 (1895 r/s)............ ✅ (3,595,000)
   Batch 817 | Rows: 4,089,160 (1897 r/s)............ ✅ (3,600,000)
   Batch 819 | Rows: 4,095,109 (1898 r/s)............ ✅ (3,605,000)
   Batch 820 | Rows: 4,101,300 (1900 r/s)............ ✅ (3,610,000)
   Batch 821 | Rows: 4,106,947 (1901 r/s)............ ✅ (3,615,000)
   Batch 822 | Rows: 4,112,664 (1903 r/s)............ ✅ (3,620,000)
   Batch 823 | Rows: 4,118,435 (1898 r/s)............ ✅ (3,625,000)
   Batch 824 | Rows: 4,124,307 (1895 r/s)............ ✅ (3,630,000)
   Batch 826 | Rows: 4,130,353 (1897 r/s)............ ✅ (3,635,000)
   Batch 827 | Rows: 4,135,933 (1898 r/s)............ ✅ (3,640,000)
   Batch 828 | Rows: 4,141,715 (1899 r/s)............ ✅ (3,645,000)
   Batch 829 | Rows: 4,147,152 (1897 r/s)............ ✅ (3,650,000)
   Batch 830 | Rows: 4,152,781 (1898 r/s)............ ✅ (3,655,000)
   Batch 831 | Rows: 4,158,407 (1900 r/s)............ ✅ (3,660,000)
   Batch 832 | Rows: 4,164,481 (1902 r/s)............ ✅ (3,665,000)
   Batch 833 | Rows: 4,169,869 (1903 r/s)............ ✅ (3,670,000)
   Batch 835 | Rows: 4,175,690 (1905 r/s)............ ✅ (3,675,000)
   Batch 836 | Rows: 4,181,011 (1906 r/s)............ ✅ (3,680,000)
   Batch 837 | Rows: 4,186,431 (1908 r/s)............ ✅ (3,685,000)
   Batch 838 | Rows: 4,191,981 (1909 r/s)............ ✅ (3,690,000)
   Batch 839 | Rows: 4,197,194 (1911 r/s)............ ✅ (3,695,000)
   Batch 840 | Rows: 4,202,382 (1907 r/s)............ ✅ (3,700,000)
   Batch 841 | Rows: 4,207,539 (1908 r/s)............ ✅ (3,705,000)
   Batch 842 | Rows: 4,212,726 (1908 r/s)............ ✅ (3,710,000)
   Batch 843 | Rows: 4,217,932 (1908 r/s)............ ✅ (3,715,000)
   Batch 844 | Rows: 4,223,172 (1908 r/s)............ ✅ (3,720,000)
   Batch 845 | Rows: 4,228,391 (1909 r/s)............ ✅ (3,725,000)
   Batch 846 | Rows: 4,233,546 (1910 r/s)............ ✅ (3,730,000)
   Batch 847 | Rows: 4,238,702 (1909 r/s)............ ✅ (3,735,000)
   Batch 848 | Rows: 4,243,952 (1911 r/s)............ ✅ (3,740,000)
   Batch 849 | Rows: 4,249,241 (1911 r/s)............ ✅ (3,745,000)
   Batch 850 | Rows: 4,254,539 (1913 r/s)............ ✅ (3,750,000)
   Batch 852 | Rows: 4,260,126 (1910 r/s)............ ✅ (3,755,000)
   Batch 853 | Rows: 4,265,657 (1912 r/s)............ ❌ Error
     {'message': 'numeric field overflow', 'code': '22003', 'hint': None, 'details': 'A field with precis
   Batch 854 | Rows: 4,271,451 (1914 r/s)............ ✅ (3,760,000)
   Batch 855 | Rows: 4,277,538 (1914 r/s)............ ✅ (3,765,000)
   Final batch (1849 items).............. ✅ (3,766,849)

======================================================================
📊 Import Summary
======================================================================
✅ Imported: 3,766,849 foods
⏭️  Skipped: 332,903 rows
⚠️  Duplicates: 0
⏱️  Time: 2236s (37.3m)
📊 Rate: 1914 rows/sec
======================================================================
